9185 : 2025-11-28 10:36:14,862 : INFO : telemetry.main : Attempt start. Configuration directory [/home/kishan/.azure]. Cache directory [/home/kishan/.azure/telemetry/20251128103614750].
9185 : 2025-11-28 10:36:14,863 : INFO : telemetry.records : 1 cache files to upload.
9185 : 2025-11-28 10:36:14,863 : INFO : telemetry.records : Processed file /home/kishan/.azure/telemetry/20251128103614750/cache into 1 records.
9185 : 2025-11-28 10:36:14,863 : INFO : telemetry.records : Remove directory /home/kishan/.azure/telemetry/20251128103614750
9185 : 2025-11-28 10:36:14,864 : INFO : telemetry.client : Accumulated 1 events. Flush the clients.
9185 : 2025-11-28 10:36:14,864 : INFO : telemetry.client : Flush client c4395b75-49cc-422c-bc95-c7d51aef5d46.
9185 : 2025-11-28 10:36:14,944 : INFO : telemetry.sender : Sending 4416 bytes
9185 : 2025-11-28 10:36:14,944 : INFO : telemetry.sender : Finish uploading in 0.080045 seconds.
9216 : 2025-11-28 10:36:16,832 : INFO : telemetry.main : Attempt start. Configuration directory [/home/kishan/.azure]. Cache directory [/home/kishan/.azure/telemetry/20251128103616641].
9216 : 2025-11-28 10:36:16,832 : INFO : telemetry.records : 1 cache files to upload.
9216 : 2025-11-28 10:36:16,832 : INFO : telemetry.records : Processed file /home/kishan/.azure/telemetry/20251128103616641/cache into 1 records.
9216 : 2025-11-28 10:36:16,832 : INFO : telemetry.records : Remove directory /home/kishan/.azure/telemetry/20251128103616641
9216 : 2025-11-28 10:36:16,833 : INFO : telemetry.client : Accumulated 1 events. Flush the clients.
9216 : 2025-11-28 10:36:16,833 : INFO : telemetry.client : Flush client c4395b75-49cc-422c-bc95-c7d51aef5d46.
9216 : 2025-11-28 10:36:16,919 : INFO : telemetry.sender : Sending 4315 bytes
9216 : 2025-11-28 10:36:16,919 : INFO : telemetry.sender : Finish uploading in 0.085771 seconds.
9226 : 2025-11-28 10:36:17,178 : INFO : telemetry.main : Attempt start. Configuration directory [/home/kishan/.azure]. Cache directory [/home/kishan/.azure/telemetry/20251128103617033].
9226 : 2025-11-28 10:36:17,179 : INFO : telemetry.records : 1 cache files to upload.
9226 : 2025-11-28 10:36:17,179 : INFO : telemetry.records : Processed file /home/kishan/.azure/telemetry/20251128103617033/cache into 1 records.
9226 : 2025-11-28 10:36:17,179 : INFO : telemetry.records : Remove directory /home/kishan/.azure/telemetry/20251128103617033
9226 : 2025-11-28 10:36:17,180 : INFO : telemetry.client : Accumulated 1 events. Flush the clients.
9226 : 2025-11-28 10:36:17,180 : INFO : telemetry.client : Flush client c4395b75-49cc-422c-bc95-c7d51aef5d46.
9226 : 2025-11-28 10:36:17,283 : INFO : telemetry.sender : Sending 4397 bytes
9226 : 2025-11-28 10:36:17,283 : INFO : telemetry.sender : Finish uploading in 0.102704 seconds.
9241 : 2025-11-28 10:36:18,136 : INFO : telemetry.main : Attempt start. Configuration directory [/home/kishan/.azure]. Cache directory [/home/kishan/.azure/telemetry/20251128103618006].
9241 : 2025-11-28 10:36:18,136 : INFO : telemetry.records : 1 cache files to upload.
9241 : 2025-11-28 10:36:18,137 : INFO : telemetry.records : Processed file /home/kishan/.azure/telemetry/20251128103618006/cache into 1 records.
9241 : 2025-11-28 10:36:18,138 : INFO : telemetry.records : Remove directory /home/kishan/.azure/telemetry/20251128103618006
9241 : 2025-11-28 10:36:18,138 : INFO : telemetry.client : Accumulated 1 events. Flush the clients.
9241 : 2025-11-28 10:36:18,138 : INFO : telemetry.client : Flush client c4395b75-49cc-422c-bc95-c7d51aef5d46.
9241 : 2025-11-28 10:36:18,200 : INFO : telemetry.sender : Sending 4429 bytes
9241 : 2025-11-28 10:36:18,200 : INFO : telemetry.sender : Finish uploading in 0.061953 seconds.
9480 : 2025-11-28 10:44:39,362 : INFO : telemetry.main : Attempt start. Configuration directory [/home/kishan/.azure]. Cache directory [/home/kishan/.azure/telemetry/20251128104439237].
9480 : 2025-11-28 10:44:39,362 : INFO : telemetry.records : 1 cache files to upload.
9480 : 2025-11-28 10:44:39,362 : INFO : telemetry.records : Processed file /home/kishan/.azure/telemetry/20251128104439237/cache into 1 records.
9480 : 2025-11-28 10:44:39,362 : INFO : telemetry.records : Remove directory /home/kishan/.azure/telemetry/20251128104439237
9480 : 2025-11-28 10:44:39,363 : INFO : telemetry.client : Accumulated 1 events. Flush the clients.
9480 : 2025-11-28 10:44:39,363 : INFO : telemetry.client : Flush client c4395b75-49cc-422c-bc95-c7d51aef5d46.
9480 : 2025-11-28 10:44:39,456 : INFO : telemetry.sender : Sending 4417 bytes
9480 : 2025-11-28 10:44:39,457 : INFO : telemetry.sender : Finish uploading in 0.093057 seconds.
9493 : 2025-11-28 10:44:40,514 : INFO : telemetry.main : Attempt start. Configuration directory [/home/kishan/.azure]. Cache directory [/home/kishan/.azure/telemetry/20251128104440393].
9493 : 2025-11-28 10:44:40,514 : INFO : telemetry.records : 1 cache files to upload.
9493 : 2025-11-28 10:44:40,514 : INFO : telemetry.records : Processed file /home/kishan/.azure/telemetry/20251128104440393/cache into 1 records.
9493 : 2025-11-28 10:44:40,514 : INFO : telemetry.records : Remove directory /home/kishan/.azure/telemetry/20251128104440393
9493 : 2025-11-28 10:44:40,515 : INFO : telemetry.client : Accumulated 1 events. Flush the clients.
9493 : 2025-11-28 10:44:40,515 : INFO : telemetry.client : Flush client c4395b75-49cc-422c-bc95-c7d51aef5d46.
9493 : 2025-11-28 10:44:40,567 : INFO : telemetry.sender : Sending 4399 bytes
9493 : 2025-11-28 10:44:40,567 : INFO : telemetry.sender : Finish uploading in 0.052311 seconds.
9540 : 2025-11-28 10:45:31,495 : INFO : telemetry.main : Attempt start. Configuration directory [/home/kishan/.azure]. Cache directory [/home/kishan/.azure/telemetry/20251128104531367].
9540 : 2025-11-28 10:45:31,496 : INFO : telemetry.records : 1 cache files to upload.
9540 : 2025-11-28 10:45:31,497 : INFO : telemetry.records : Processed file /home/kishan/.azure/telemetry/20251128104531367/cache into 1 records.
9540 : 2025-11-28 10:45:31,497 : INFO : telemetry.records : Remove directory /home/kishan/.azure/telemetry/20251128104531367
9540 : 2025-11-28 10:45:31,497 : INFO : telemetry.client : Accumulated 1 events. Flush the clients.
9540 : 2025-11-28 10:45:31,498 : INFO : telemetry.client : Flush client c4395b75-49cc-422c-bc95-c7d51aef5d46.
9540 : 2025-11-28 10:45:31,688 : INFO : telemetry.sender : Sending 4493 bytes
9540 : 2025-11-28 10:45:31,689 : INFO : telemetry.sender : Finish uploading in 0.190604 seconds.
9587 : 2025-11-28 10:46:01,765 : INFO : telemetry.main : Attempt start. Configuration directory [/home/kishan/.azure]. Cache directory [/home/kishan/.azure/telemetry/20251128104601639].
9587 : 2025-11-28 10:46:01,765 : INFO : telemetry.records : 1 cache files to upload.
9587 : 2025-11-28 10:46:01,765 : INFO : telemetry.records : Processed file /home/kishan/.azure/telemetry/20251128104601639/cache into 1 records.
9587 : 2025-11-28 10:46:01,765 : INFO : telemetry.records : Remove directory /home/kishan/.azure/telemetry/20251128104601639
9587 : 2025-11-28 10:46:01,766 : INFO : telemetry.client : Accumulated 1 events. Flush the clients.
9587 : 2025-11-28 10:46:01,766 : INFO : telemetry.client : Flush client c4395b75-49cc-422c-bc95-c7d51aef5d46.
9587 : 2025-11-28 10:46:01,867 : INFO : telemetry.sender : Sending 4513 bytes
9587 : 2025-11-28 10:46:01,867 : INFO : telemetry.sender : Finish uploading in 0.100065 seconds.
9687 : 2025-11-28 10:48:43,162 : INFO : telemetry.main : Attempt start. Configuration directory [/home/kishan/.azure]. Cache directory [/home/kishan/.azure/telemetry/20251128104843050].
9687 : 2025-11-28 10:48:43,162 : INFO : telemetry.records : 1 cache files to upload.
9687 : 2025-11-28 10:48:43,162 : INFO : telemetry.records : Processed file /home/kishan/.azure/telemetry/20251128104843050/cache into 1 records.
9687 : 2025-11-28 10:48:43,162 : INFO : telemetry.records : Remove directory /home/kishan/.azure/telemetry/20251128104843050
9687 : 2025-11-28 10:48:43,163 : INFO : telemetry.client : Accumulated 1 events. Flush the clients.
9687 : 2025-11-28 10:48:43,163 : INFO : telemetry.client : Flush client c4395b75-49cc-422c-bc95-c7d51aef5d46.
9687 : 2025-11-28 10:48:43,218 : INFO : telemetry.sender : Sending 4520 bytes
9687 : 2025-11-28 10:48:43,218 : INFO : telemetry.sender : Finish uploading in 0.055199 seconds.
9767 : 2025-11-28 10:51:02,420 : INFO : telemetry.main : Attempt start. Configuration directory [/home/kishan/.azure]. Cache directory [/home/kishan/.azure/telemetry/20251128105102286].
9767 : 2025-11-28 10:51:02,421 : INFO : telemetry.records : 1 cache files to upload.
9767 : 2025-11-28 10:51:02,421 : INFO : telemetry.records : Processed file /home/kishan/.azure/telemetry/20251128105102286/cache into 1 records.
9767 : 2025-11-28 10:51:02,421 : INFO : telemetry.records : Remove directory /home/kishan/.azure/telemetry/20251128105102286
9767 : 2025-11-28 10:51:02,422 : INFO : telemetry.client : Accumulated 1 events. Flush the clients.
9767 : 2025-11-28 10:51:02,422 : INFO : telemetry.client : Flush client c4395b75-49cc-422c-bc95-c7d51aef5d46.
9767 : 2025-11-28 10:51:02,527 : INFO : telemetry.sender : Sending 4950 bytes
9767 : 2025-11-28 10:51:02,527 : INFO : telemetry.sender : Finish uploading in 0.105101 seconds.
9780 : 2025-11-28 10:51:03,416 : INFO : telemetry.main : Attempt start. Configuration directory [/home/kishan/.azure]. Cache directory [/home/kishan/.azure/telemetry/20251128105103303].
9780 : 2025-11-28 10:51:03,417 : INFO : telemetry.records : 1 cache files to upload.
9780 : 2025-11-28 10:51:03,417 : INFO : telemetry.records : Processed file /home/kishan/.azure/telemetry/20251128105103303/cache into 1 records.
9780 : 2025-11-28 10:51:03,417 : INFO : telemetry.records : Remove directory /home/kishan/.azure/telemetry/20251128105103303
9780 : 2025-11-28 10:51:03,417 : INFO : telemetry.client : Accumulated 1 events. Flush the clients.
9780 : 2025-11-28 10:51:03,417 : INFO : telemetry.client : Flush client c4395b75-49cc-422c-bc95-c7d51aef5d46.
9780 : 2025-11-28 10:51:03,474 : INFO : telemetry.sender : Sending 4449 bytes
9780 : 2025-11-28 10:51:03,474 : INFO : telemetry.sender : Finish uploading in 0.056456 seconds.
9840 : 2025-11-28 10:53:15,752 : INFO : telemetry.main : Attempt start. Configuration directory [/home/kishan/.azure]. Cache directory [/home/kishan/.azure/telemetry/20251128105315647].
9840 : 2025-11-28 10:53:15,752 : INFO : telemetry.records : 1 cache files to upload.
9840 : 2025-11-28 10:53:15,752 : INFO : telemetry.records : Processed file /home/kishan/.azure/telemetry/20251128105315647/cache into 1 records.
9840 : 2025-11-28 10:53:15,752 : INFO : telemetry.records : Remove directory /home/kishan/.azure/telemetry/20251128105315647
9840 : 2025-11-28 10:53:15,753 : INFO : telemetry.client : Accumulated 1 events. Flush the clients.
9840 : 2025-11-28 10:53:15,753 : INFO : telemetry.client : Flush client c4395b75-49cc-422c-bc95-c7d51aef5d46.
9840 : 2025-11-28 10:53:15,809 : INFO : telemetry.sender : Sending 4443 bytes
9840 : 2025-11-28 10:53:15,809 : INFO : telemetry.sender : Finish uploading in 0.056390 seconds.
10070 : 2025-11-28 11:00:53,336 : INFO : telemetry.main : Attempt start. Configuration directory [/home/kishan/.azure]. Cache directory [/home/kishan/.azure/telemetry/20251128110053191].
10070 : 2025-11-28 11:00:53,336 : INFO : telemetry.records : 1 cache files to upload.
10070 : 2025-11-28 11:00:53,337 : INFO : telemetry.records : Processed file /home/kishan/.azure/telemetry/20251128110053191/cache into 1 records.
10070 : 2025-11-28 11:00:53,337 : INFO : telemetry.records : Remove directory /home/kishan/.azure/telemetry/20251128110053191
10070 : 2025-11-28 11:00:53,337 : INFO : telemetry.client : Accumulated 1 events. Flush the clients.
10070 : 2025-11-28 11:00:53,337 : INFO : telemetry.client : Flush client c4395b75-49cc-422c-bc95-c7d51aef5d46.
10070 : 2025-11-28 11:00:53,391 : INFO : telemetry.sender : Sending 4520 bytes
10070 : 2025-11-28 11:00:53,391 : INFO : telemetry.sender : Finish uploading in 0.053381 seconds.
